2024.06.17 18:07:28 INFO  Started: Metals version 1.3.1 in folders 'C:\Users\ACER\AppData\Local\Temp\activity01' for client Visual Studio Code 1.90.1.
SLF4J(W): Class path contains multiple SLF4J providers.
SLF4J(W): Found provider [scribe.slf4j.ScribeServiceProvider@c04e584]
SLF4J(W): Found provider [ch.qos.logback.classic.spi.LogbackServiceProvider@298b7a27]
SLF4J(W): See https://www.slf4j.org/codes.html#multiple_bindings for an explanation.
SLF4J(I): Actual provider is of type [scribe.slf4j.ScribeServiceProvider@c04e584]
2024.06.17 18:07:29 WARN  Flyway upgrade recommended: H2 2.2.224 is newer than this version of Flyway and support has not been tested. The latest supported version of H2 is 2.2.220.
2024.06.17 18:07:36 INFO  running 'C:\Users\ACER\AppData\Local\Coursier\cache\arc\https\github.com\adoptium\temurin11-binaries\releases\download\jdk-11.0.23%252B9\OpenJDK11U-jdk_x64_windows_hotspot_11.0.23_9.zip\jdk-11.0.23+9\bin\java.exe -Djline.terminal=jline.UnsupportedTerminal -Dsbt.log.noformat=true -Dfile.encoding=UTF-8 -jar C:\Users\ACER\AppData\Local\Temp\metals6719145859423807027\sbt-launch.jar -Dbloop.export-jar-classifiers=sources bloopInstall'
2024.06.17 18:07:39 INFO  [info] welcome to sbt 1.9.9 (Eclipse Adoptium Java 11.0.23)
2024.06.17 18:07:42 INFO  [info] loading settings for project activity01-build-build from metals.sbt ...
2024.06.17 18:07:42 INFO  [info] loading project definition from C:\Users\ACER\AppData\Local\Temp\activity01\project\project
2024.06.17 18:07:45 INFO  [info] loading settings for project activity01-build from metals.sbt ...
2024.06.17 18:07:45 INFO  [info] loading project definition from C:\Users\ACER\AppData\Local\Temp\activity01\project
2024.06.17 18:07:48 INFO  [success] Generated .bloop\activity01-build.json
2024.06.17 18:07:48 INFO  [success] Total time: 3 s, completed Jun 17, 2024, 6:07:49 PM
2024.06.17 18:07:50 INFO  [info] loading settings for project activity01 from build.sbt ...
2024.06.17 18:07:50 INFO  [info] set current project to hello-world (in build file:/C:/Users/ACER/AppData/Local/Temp/activity01/)
2024.06.17 18:07:51 INFO  no build target found for C:\Users\ACER\AppData\Local\Temp\activity01\src\main\scala\Main.scala. Using presentation compiler with project's scala-library version: 3.3.3
2024.06.17 18:07:52 INFO  [success] Generated .bloop\activity01.json
2024.06.17 18:07:52 INFO  [success] Generated .bloop\activity01-test.json
2024.06.17 18:07:52 INFO  [success] Total time: 1 s, completed Jun 17, 2024, 6:07:52 PM
2024.06.17 18:07:52 INFO  time: ran 'sbt bloopInstall' in 16s
2024.06.17 18:07:52 INFO  Attempting to connect to the build server...
2024.06.17 18:07:53 INFO  no build target found for C:\Users\ACER\AppData\Local\Temp\activity01\src\main\scala\Main.scala. Using presentation compiler with project's scala-library version: 3.3.3
2024.06.17 18:07:53 INFO  tracing is disabled for protocol BSP, to enable tracing of incoming and outgoing JSON messages create an empty file at C:\Users\ACER\AppData\Local\Temp\activity01\.metals\bsp.trace.json or C:\Users\ACER\AppData\Local\scalameta\metals\cache\bsp.trace.json
2024.06.17 18:07:53 INFO  Attempting to connect to the build server...
2024.06.17 18:07:53 INFO  tracing is disabled for protocol BSP, to enable tracing of incoming and outgoing JSON messages create an empty file at C:\Users\ACER\AppData\Local\Temp\activity01\project\.metals\bsp.trace.json or C:\Users\ACER\AppData\Local\scalameta\metals\cache\bsp.trace.json
2024.06.17 18:07:53 INFO  time: Connected to build server in 0.69s
2024.06.17 18:07:53 INFO  Connected to Build server: Bloop v1.5.17
Jun 17, 2024 6:07:53 PM org.eclipse.lsp4j.jsonrpc.RemoteEndpoint handleCancellation
WARNING: Unmatched cancel notification for request id 4
Jun 17, 2024 6:07:53 PM org.eclipse.lsp4j.jsonrpc.RemoteEndpoint handleCancellation
WARNING: Unmatched cancel notification for request id 8
2024.06.17 18:07:53 INFO  time: Imported build in 0.16s
2024.06.17 18:07:55 INFO  compiling activity01 (1 scala source)
2024.06.17 18:07:57 INFO  time: compiled activity01 in 2.04s
2024.06.17 18:08:06 INFO  time: indexed workspace in 12s
Jun 17, 2024 6:10:05 PM org.eclipse.lsp4j.jsonrpc.services.GenericEndpoint notify
INFO: Unsupported notification method: $/setTrace
